mode: set
github.com/randalmurphal/orc/internal/gate/gate.go:28.43,30.2 1 1
github.com/randalmurphal/orc/internal/gate/gate.go:33.107,34.19 1 1
github.com/randalmurphal/orc/internal/gate/gate.go:35.21,36.43 1 1
github.com/randalmurphal/orc/internal/gate/gate.go:37.19,38.46 1 1
github.com/randalmurphal/orc/internal/gate/gate.go:39.22,40.38 1 0
github.com/randalmurphal/orc/internal/gate/gate.go:41.10,42.61 1 1
github.com/randalmurphal/orc/internal/gate/gate.go:47.90,49.29 1 1
github.com/randalmurphal/orc/internal/gate/gate.go:49.29,54.3 1 1
github.com/randalmurphal/orc/internal/gate/gate.go:57.2,57.42 1 1
github.com/randalmurphal/orc/internal/gate/gate.go:57.42,58.20 1 1
github.com/randalmurphal/orc/internal/gate/gate.go:59.21,60.25 1 1
github.com/randalmurphal/orc/internal/gate/gate.go:60.25,65.5 1 1
github.com/randalmurphal/orc/internal/gate/gate.go:66.20,67.63 1 1
github.com/randalmurphal/orc/internal/gate/gate.go:67.63,72.5 1 1
github.com/randalmurphal/orc/internal/gate/gate.go:73.32,74.79 1 1
github.com/randalmurphal/orc/internal/gate/gate.go:74.79,79.5 1 1
github.com/randalmurphal/orc/internal/gate/gate.go:80.11,82.49 1 1
github.com/randalmurphal/orc/internal/gate/gate.go:82.49,87.5 1 1
github.com/randalmurphal/orc/internal/gate/gate.go:91.2,94.8 1 1
github.com/randalmurphal/orc/internal/gate/gate.go:98.109,99.21 1 1
github.com/randalmurphal/orc/internal/gate/gate.go:99.21,101.3 1 1
github.com/randalmurphal/orc/internal/gate/gate.go:103.2,130.16 3 0
github.com/randalmurphal/orc/internal/gate/gate.go:130.16,132.3 1 0
github.com/randalmurphal/orc/internal/gate/gate.go:134.2,134.38 1 0
github.com/randalmurphal/orc/internal/gate/gate.go:138.78,140.28 2 0
github.com/randalmurphal/orc/internal/gate/gate.go:140.28,142.35 2 0
github.com/randalmurphal/orc/internal/gate/gate.go:142.35,144.4 1 0
github.com/randalmurphal/orc/internal/gate/gate.go:147.2,151.16 4 0
github.com/randalmurphal/orc/internal/gate/gate.go:151.16,153.3 1 0
github.com/randalmurphal/orc/internal/gate/gate.go:155.2,157.15 2 0
github.com/randalmurphal/orc/internal/gate/gate.go:158.18,162.9 1 0
github.com/randalmurphal/orc/internal/gate/gate.go:163.17,169.9 3 0
github.com/randalmurphal/orc/internal/gate/gate.go:170.24,173.7 3 0
github.com/randalmurphal/orc/internal/gate/gate.go:173.7,176.15 3 0
github.com/randalmurphal/orc/internal/gate/gate.go:176.15,177.10 1 0
github.com/randalmurphal/orc/internal/gate/gate.go:179.4,179.36 1 0
github.com/randalmurphal/orc/internal/gate/gate.go:181.3,185.9 1 0
github.com/randalmurphal/orc/internal/gate/gate.go:186.10,190.9 1 0
github.com/randalmurphal/orc/internal/gate/gate.go:195.47,196.24 1 1
github.com/randalmurphal/orc/internal/gate/gate.go:196.24,198.3 1 1
github.com/randalmurphal/orc/internal/gate/gate.go:200.2,201.29 2 1
github.com/randalmurphal/orc/internal/gate/gate.go:201.29,203.3 1 1
github.com/randalmurphal/orc/internal/gate/gate.go:204.2,204.34 1 1
github.com/randalmurphal/orc/internal/gate/gate.go:208.55,209.27 1 1
github.com/randalmurphal/orc/internal/gate/gate.go:209.27,211.3 1 1
github.com/randalmurphal/orc/internal/gate/gate.go:212.2,212.46 1 1
github.com/randalmurphal/orc/internal/gate/gate.go:216.58,219.46 2 1
github.com/randalmurphal/orc/internal/gate/gate.go:219.46,225.3 2 1
github.com/randalmurphal/orc/internal/gate/gate.go:227.2,227.46 1 1
github.com/randalmurphal/orc/internal/gate/gate.go:227.46,233.3 2 1
github.com/randalmurphal/orc/internal/gate/gate.go:235.2,235.57 1 1
github.com/randalmurphal/orc/internal/gate/gate.go:235.57,243.3 3 1
github.com/randalmurphal/orc/internal/gate/gate.go:246.2,249.8 1 1
github.com/randalmurphal/orc/internal/progress/display.go:22.46,28.2 1 1
github.com/randalmurphal/orc/internal/progress/display.go:31.57,38.13 6 1
github.com/randalmurphal/orc/internal/progress/display.go:38.13,40.3 1 1
github.com/randalmurphal/orc/internal/progress/display.go:42.2,42.79 1 0
github.com/randalmurphal/orc/internal/progress/display.go:46.53,50.13 3 1
github.com/randalmurphal/orc/internal/progress/display.go:50.13,52.3 1 1
github.com/randalmurphal/orc/internal/progress/display.go:54.2,64.3 2 0
github.com/randalmurphal/orc/internal/progress/display.go:68.62,69.13 1 1
github.com/randalmurphal/orc/internal/progress/display.go:69.13,71.3 1 1
github.com/randalmurphal/orc/internal/progress/display.go:73.2,79.26 4 0
github.com/randalmurphal/orc/internal/progress/display.go:79.26,81.3 1 0
github.com/randalmurphal/orc/internal/progress/display.go:83.2,84.47 1 0
github.com/randalmurphal/orc/internal/progress/display.go:88.56,89.13 1 1
github.com/randalmurphal/orc/internal/progress/display.go:89.13,91.3 1 1
github.com/randalmurphal/orc/internal/progress/display.go:94.2,96.53 2 0
github.com/randalmurphal/orc/internal/progress/display.go:100.61,101.13 1 1
github.com/randalmurphal/orc/internal/progress/display.go:101.13,103.3 1 1
github.com/randalmurphal/orc/internal/progress/display.go:105.2,108.18 3 0
github.com/randalmurphal/orc/internal/progress/display.go:109.15,111.40 2 0
github.com/randalmurphal/orc/internal/progress/display.go:112.12,114.35 2 0
github.com/randalmurphal/orc/internal/progress/display.go:115.14,117.29 2 0
github.com/randalmurphal/orc/internal/progress/display.go:120.2,120.50 1 0
github.com/randalmurphal/orc/internal/progress/display.go:124.45,125.13 1 1
github.com/randalmurphal/orc/internal/progress/display.go:125.13,127.3 1 1
github.com/randalmurphal/orc/internal/progress/display.go:129.2,129.45 1 0
github.com/randalmurphal/orc/internal/progress/display.go:133.60,134.13 1 1
github.com/randalmurphal/orc/internal/progress/display.go:134.13,136.3 1 1
github.com/randalmurphal/orc/internal/progress/display.go:138.2,138.58 1 0
github.com/randalmurphal/orc/internal/progress/display.go:142.78,143.13 1 1
github.com/randalmurphal/orc/internal/progress/display.go:143.13,145.3 1 1
github.com/randalmurphal/orc/internal/progress/display.go:147.2,149.66 3 0
github.com/randalmurphal/orc/internal/progress/display.go:153.41,154.13 1 1
github.com/randalmurphal/orc/internal/progress/display.go:154.13,156.3 1 1
github.com/randalmurphal/orc/internal/progress/display.go:158.2,158.58 1 0
github.com/randalmurphal/orc/internal/progress/display.go:162.37,163.13 1 1
github.com/randalmurphal/orc/internal/progress/display.go:163.13,165.3 1 1
github.com/randalmurphal/orc/internal/progress/display.go:167.2,167.95 1 0
github.com/randalmurphal/orc/internal/progress/display.go:171.36,172.13 1 1
github.com/randalmurphal/orc/internal/progress/display.go:172.13,174.3 1 1
github.com/randalmurphal/orc/internal/progress/display.go:176.2,176.33 1 0
github.com/randalmurphal/orc/internal/progress/display.go:180.39,181.13 1 1
github.com/randalmurphal/orc/internal/progress/display.go:181.13,183.3 1 1
github.com/randalmurphal/orc/internal/progress/display.go:185.2,185.33 1 0
github.com/randalmurphal/orc/internal/progress/display.go:189.37,192.2 1 1
github.com/randalmurphal/orc/internal/progress/display.go:195.45,204.11 7 1
github.com/randalmurphal/orc/internal/progress/display.go:204.11,206.3 1 1
github.com/randalmurphal/orc/internal/progress/display.go:207.2,207.11 1 1
github.com/randalmurphal/orc/internal/progress/display.go:207.11,209.3 1 1
github.com/randalmurphal/orc/internal/progress/display.go:210.2,210.30 1 1
github.com/randalmurphal/orc/internal/config/config.go:111.70,113.36 1 0
github.com/randalmurphal/orc/internal/config/config.go:113.36,114.65 1 0
github.com/randalmurphal/orc/internal/config/config.go:114.65,115.50 1 0
github.com/randalmurphal/orc/internal/config/config.go:115.50,117.5 1 0
github.com/randalmurphal/orc/internal/config/config.go:122.2,122.35 1 0
github.com/randalmurphal/orc/internal/config/config.go:122.35,123.56 1 0
github.com/randalmurphal/orc/internal/config/config.go:123.56,125.4 1 0
github.com/randalmurphal/orc/internal/config/config.go:129.2,129.31 1 0
github.com/randalmurphal/orc/internal/config/config.go:129.31,131.3 1 0
github.com/randalmurphal/orc/internal/config/config.go:133.2,133.15 1 0
github.com/randalmurphal/orc/internal/config/config.go:138.61,139.22 1 0
github.com/randalmurphal/orc/internal/config/config.go:139.22,141.3 1 0
github.com/randalmurphal/orc/internal/config/config.go:142.2,142.29 1 0
github.com/randalmurphal/orc/internal/config/config.go:142.29,144.3 1 0
github.com/randalmurphal/orc/internal/config/config.go:145.2,145.11 1 0
github.com/randalmurphal/orc/internal/config/config.go:150.24,182.2 1 1
github.com/randalmurphal/orc/internal/config/config.go:185.59,186.17 1 0
github.com/randalmurphal/orc/internal/config/config.go:187.19,194.4 1 0
github.com/randalmurphal/orc/internal/config/config.go:195.19,206.4 1 0
github.com/randalmurphal/orc/internal/config/config.go:207.21,221.4 1 0
github.com/randalmurphal/orc/internal/config/config.go:222.10,229.4 1 0
github.com/randalmurphal/orc/internal/config/config.go:234.58,237.2 2 0
github.com/randalmurphal/orc/internal/config/config.go:240.30,242.2 1 1
github.com/randalmurphal/orc/internal/config/config.go:245.45,247.16 2 1
github.com/randalmurphal/orc/internal/config/config.go:247.16,248.25 1 0
github.com/randalmurphal/orc/internal/config/config.go:248.25,251.4 1 0
github.com/randalmurphal/orc/internal/config/config.go:252.3,252.49 1 0
github.com/randalmurphal/orc/internal/config/config.go:255.2,256.50 2 1
github.com/randalmurphal/orc/internal/config/config.go:256.50,258.3 1 0
github.com/randalmurphal/orc/internal/config/config.go:260.2,260.17 1 1
github.com/randalmurphal/orc/internal/config/config.go:264.31,266.2 1 1
github.com/randalmurphal/orc/internal/config/config.go:269.44,271.47 2 1
github.com/randalmurphal/orc/internal/config/config.go:271.47,273.3 1 0
github.com/randalmurphal/orc/internal/config/config.go:275.2,276.16 2 1
github.com/randalmurphal/orc/internal/config/config.go:276.16,278.3 1 0
github.com/randalmurphal/orc/internal/config/config.go:280.2,280.55 1 1
github.com/randalmurphal/orc/internal/config/config.go:280.55,282.3 1 0
github.com/randalmurphal/orc/internal/config/config.go:284.2,284.12 1 1
github.com/randalmurphal/orc/internal/config/config.go:288.29,290.12 1 1
github.com/randalmurphal/orc/internal/config/config.go:290.12,291.44 1 1
github.com/randalmurphal/orc/internal/config/config.go:291.44,293.4 1 1
github.com/randalmurphal/orc/internal/config/config.go:297.2,302.27 2 1
github.com/randalmurphal/orc/internal/config/config.go:302.27,303.48 1 1
github.com/randalmurphal/orc/internal/config/config.go:303.48,305.4 1 0
github.com/randalmurphal/orc/internal/config/config.go:309.2,310.35 2 1
github.com/randalmurphal/orc/internal/config/config.go:310.35,312.3 1 0
github.com/randalmurphal/orc/internal/config/config.go:314.2,314.12 1 1
github.com/randalmurphal/orc/internal/config/config.go:318.27,321.2 2 1
github.com/randalmurphal/orc/internal/config/config.go:324.26,325.22 1 1
github.com/randalmurphal/orc/internal/config/config.go:325.22,327.3 1 1
github.com/randalmurphal/orc/internal/config/config.go:328.2,328.12 1 1
github.com/randalmurphal/orc/internal/git/checkpoint.go:28.31,34.2 1 1
github.com/randalmurphal/orc/internal/git/checkpoint.go:37.49,44.16 5 1
github.com/randalmurphal/orc/internal/git/checkpoint.go:44.16,46.3 1 0
github.com/randalmurphal/orc/internal/git/checkpoint.go:48.2,48.12 1 1
github.com/randalmurphal/orc/internal/git/checkpoint.go:52.49,58.16 5 1
github.com/randalmurphal/orc/internal/git/checkpoint.go:58.16,60.3 1 0
github.com/randalmurphal/orc/internal/git/checkpoint.go:62.2,62.12 1 1
github.com/randalmurphal/orc/internal/git/checkpoint.go:66.84,70.58 3 1
github.com/randalmurphal/orc/internal/git/checkpoint.go:70.58,72.3 1 0
github.com/randalmurphal/orc/internal/git/checkpoint.go:75.2,78.16 4 1
github.com/randalmurphal/orc/internal/git/checkpoint.go:78.16,80.3 1 0
github.com/randalmurphal/orc/internal/git/checkpoint.go:83.2,86.55 3 1
github.com/randalmurphal/orc/internal/git/checkpoint.go:86.55,89.3 1 1
github.com/randalmurphal/orc/internal/git/checkpoint.go:89.8,91.3 1 1
github.com/randalmurphal/orc/internal/git/checkpoint.go:92.2,94.59 2 1
github.com/randalmurphal/orc/internal/git/checkpoint.go:94.59,96.3 1 0
github.com/randalmurphal/orc/internal/git/checkpoint.go:99.2,102.16 4 1
github.com/randalmurphal/orc/internal/git/checkpoint.go:102.16,104.3 1 0
github.com/randalmurphal/orc/internal/git/checkpoint.go:106.2,112.8 1 1
github.com/randalmurphal/orc/internal/git/checkpoint.go:116.46,120.16 4 1
github.com/randalmurphal/orc/internal/git/checkpoint.go:120.16,122.3 1 0
github.com/randalmurphal/orc/internal/git/checkpoint.go:124.2,124.12 1 1
github.com/randalmurphal/orc/internal/git/checkpoint.go:128.67,135.16 5 1
github.com/randalmurphal/orc/internal/git/checkpoint.go:135.16,137.3 1 0
github.com/randalmurphal/orc/internal/git/checkpoint.go:139.2,142.29 3 1
github.com/randalmurphal/orc/internal/git/checkpoint.go:142.29,143.17 1 1
github.com/randalmurphal/orc/internal/git/checkpoint.go:143.17,144.12 1 0
github.com/randalmurphal/orc/internal/git/checkpoint.go:146.3,147.22 2 1
github.com/randalmurphal/orc/internal/git/checkpoint.go:147.22,153.4 1 1
github.com/randalmurphal/orc/internal/git/checkpoint.go:156.2,156.25 1 1
github.com/randalmurphal/orc/internal/git/checkpoint.go:160.50,164.16 4 1
github.com/randalmurphal/orc/internal/git/checkpoint.go:164.16,166.3 1 0
github.com/randalmurphal/orc/internal/git/checkpoint.go:168.2,168.47 1 1
github.com/randalmurphal/orc/internal/git/checkpoint.go:172.39,176.16 4 1
github.com/randalmurphal/orc/internal/git/checkpoint.go:176.16,178.3 1 0
github.com/randalmurphal/orc/internal/git/checkpoint.go:180.2,180.57 1 1
github.com/randalmurphal/orc/internal/git/checkpoint.go:184.73,191.16 6 0
github.com/randalmurphal/orc/internal/git/checkpoint.go:191.16,193.3 1 0
github.com/randalmurphal/orc/internal/git/checkpoint.go:195.2,195.26 1 0
github.com/randalmurphal/orc/internal/git/checkpoint.go:199.51,205.16 5 0
github.com/randalmurphal/orc/internal/git/checkpoint.go:205.16,207.3 1 0
github.com/randalmurphal/orc/internal/git/checkpoint.go:209.2,209.12 1 0
github.com/randalmurphal/orc/cmd/orc/main.go:10.13,11.38 1 0
github.com/randalmurphal/orc/cmd/orc/main.go:11.38,13.3 1 0
github.com/randalmurphal/orc/internal/api/server.go:46.30,51.2 1 1
github.com/randalmurphal/orc/internal/api/server.go:54.31,55.16 1 1
github.com/randalmurphal/orc/internal/api/server.go:55.16,57.3 1 1
github.com/randalmurphal/orc/internal/api/server.go:60.2,61.19 2 1
github.com/randalmurphal/orc/internal/api/server.go:61.19,63.3 1 0
github.com/randalmurphal/orc/internal/api/server.go:65.2,73.10 3 1
github.com/randalmurphal/orc/internal/api/server.go:77.35,79.52 1 1
github.com/randalmurphal/orc/internal/api/server.go:79.52,80.55 1 1
github.com/randalmurphal/orc/internal/api/server.go:80.55,84.29 4 1
github.com/randalmurphal/orc/internal/api/server.go:84.29,87.5 2 0
github.com/randalmurphal/orc/internal/api/server.go:88.4,88.11 1 1
github.com/randalmurphal/orc/internal/api/server.go:93.2,115.62 13 1
github.com/randalmurphal/orc/internal/api/server.go:119.32,122.2 2 0
github.com/randalmurphal/orc/internal/api/server.go:125.58,131.12 2 0
github.com/randalmurphal/orc/internal/api/server.go:131.12,136.3 4 0
github.com/randalmurphal/orc/internal/api/server.go:138.2,139.32 2 0
github.com/randalmurphal/orc/internal/api/server.go:143.54,147.43 3 0
github.com/randalmurphal/orc/internal/api/server.go:147.43,148.10 1 0
github.com/randalmurphal/orc/internal/api/server.go:149.20,149.20 0 0
github.com/randalmurphal/orc/internal/api/server.go:150.11,150.11 0 0
github.com/randalmurphal/orc/internal/api/server.go:157.71,159.2 1 1
github.com/randalmurphal/orc/internal/api/server.go:162.74,164.16 2 0
github.com/randalmurphal/orc/internal/api/server.go:164.16,167.3 2 0
github.com/randalmurphal/orc/internal/api/server.go:170.2,170.18 1 0
github.com/randalmurphal/orc/internal/api/server.go:170.18,172.3 1 0
github.com/randalmurphal/orc/internal/api/server.go:174.2,174.26 1 0
github.com/randalmurphal/orc/internal/api/server.go:178.75,185.61 2 0
github.com/randalmurphal/orc/internal/api/server.go:185.61,188.3 2 0
github.com/randalmurphal/orc/internal/api/server.go:190.2,190.21 1 0
github.com/randalmurphal/orc/internal/api/server.go:190.21,193.3 2 0
github.com/randalmurphal/orc/internal/api/server.go:195.2,196.16 2 0
github.com/randalmurphal/orc/internal/api/server.go:196.16,199.3 2 0
github.com/randalmurphal/orc/internal/api/server.go:201.2,203.22 3 0
github.com/randalmurphal/orc/internal/api/server.go:203.22,205.3 1 0
github.com/randalmurphal/orc/internal/api/server.go:205.8,208.3 1 0
github.com/randalmurphal/orc/internal/api/server.go:210.2,210.33 1 0
github.com/randalmurphal/orc/internal/api/server.go:210.33,213.3 2 0
github.com/randalmurphal/orc/internal/api/server.go:216.2,217.16 2 0
github.com/randalmurphal/orc/internal/api/server.go:217.16,228.3 1 0
github.com/randalmurphal/orc/internal/api/server.go:231.2,231.35 1 0
github.com/randalmurphal/orc/internal/api/server.go:231.35,234.3 2 0
github.com/randalmurphal/orc/internal/api/server.go:237.2,238.33 2 0
github.com/randalmurphal/orc/internal/api/server.go:238.33,241.3 2 0
github.com/randalmurphal/orc/internal/api/server.go:243.2,244.22 2 0
github.com/randalmurphal/orc/internal/api/server.go:248.72,251.16 3 0
github.com/randalmurphal/orc/internal/api/server.go:251.16,254.3 2 0
github.com/randalmurphal/orc/internal/api/server.go:256.2,256.22 1 0
github.com/randalmurphal/orc/internal/api/server.go:260.75,263.2 1 0
github.com/randalmurphal/orc/internal/api/server.go:266.73,269.16 3 0
github.com/randalmurphal/orc/internal/api/server.go:269.16,272.3 2 0
github.com/randalmurphal/orc/internal/api/server.go:274.2,274.23 1 0
github.com/randalmurphal/orc/internal/api/server.go:278.72,281.16 3 0
github.com/randalmurphal/orc/internal/api/server.go:281.16,284.3 2 0
github.com/randalmurphal/orc/internal/api/server.go:286.2,286.22 1 0
github.com/randalmurphal/orc/internal/api/server.go:290.79,294.22 2 0
github.com/randalmurphal/orc/internal/api/server.go:294.22,297.3 2 0
github.com/randalmurphal/orc/internal/api/server.go:300.2,302.16 3 0
github.com/randalmurphal/orc/internal/api/server.go:302.16,306.3 2 0
github.com/randalmurphal/orc/internal/api/server.go:308.2,309.32 2 0
github.com/randalmurphal/orc/internal/api/server.go:309.32,310.63 1 0
github.com/randalmurphal/orc/internal/api/server.go:310.63,311.12 1 0
github.com/randalmurphal/orc/internal/api/server.go:314.3,315.17 2 0
github.com/randalmurphal/orc/internal/api/server.go:315.17,316.12 1 0
github.com/randalmurphal/orc/internal/api/server.go:319.3,324.5 2 0
github.com/randalmurphal/orc/internal/api/server.go:328.2,328.24 1 0
github.com/randalmurphal/orc/internal/api/server.go:328.24,330.3 1 0
github.com/randalmurphal/orc/internal/api/server.go:332.2,332.32 1 0
github.com/randalmurphal/orc/internal/api/server.go:336.72,339.16 3 0
github.com/randalmurphal/orc/internal/api/server.go:339.16,342.3 2 0
github.com/randalmurphal/orc/internal/api/server.go:344.2,344.17 1 0
github.com/randalmurphal/orc/internal/api/server.go:344.17,347.3 2 0
github.com/randalmurphal/orc/internal/api/server.go:350.2,351.16 2 0
github.com/randalmurphal/orc/internal/api/server.go:351.16,354.3 2 0
github.com/randalmurphal/orc/internal/api/server.go:356.2,357.16 2 0
github.com/randalmurphal/orc/internal/api/server.go:357.16,360.3 1 0
github.com/randalmurphal/orc/internal/api/server.go:363.2,363.12 1 0
github.com/randalmurphal/orc/internal/api/server.go:363.12,369.17 4 0
github.com/randalmurphal/orc/internal/api/server.go:369.17,372.4 2 0
github.com/randalmurphal/orc/internal/api/server.go:372.9,375.4 2 0
github.com/randalmurphal/orc/internal/api/server.go:378.3,378.52 1 0
github.com/randalmurphal/orc/internal/api/server.go:378.52,380.4 1 0
github.com/randalmurphal/orc/internal/api/server.go:383.2,383.74 1 0
github.com/randalmurphal/orc/internal/api/server.go:387.74,390.16 3 0
github.com/randalmurphal/orc/internal/api/server.go:390.16,393.3 2 0
github.com/randalmurphal/orc/internal/api/server.go:395.2,396.33 2 0
github.com/randalmurphal/orc/internal/api/server.go:396.33,399.3 2 0
github.com/randalmurphal/orc/internal/api/server.go:401.2,401.73 1 0
github.com/randalmurphal/orc/internal/api/server.go:405.75,408.16 3 0
github.com/randalmurphal/orc/internal/api/server.go:408.16,411.3 2 0
github.com/randalmurphal/orc/internal/api/server.go:413.2,414.33 2 0
github.com/randalmurphal/orc/internal/api/server.go:414.33,417.3 2 0
github.com/randalmurphal/orc/internal/api/server.go:419.2,419.74 1 0
github.com/randalmurphal/orc/internal/api/server.go:423.71,427.22 2 0
github.com/randalmurphal/orc/internal/api/server.go:427.22,430.3 2 0
github.com/randalmurphal/orc/internal/api/server.go:433.2,446.15 9 0
github.com/randalmurphal/orc/internal/api/server.go:446.15,449.28 3 0
github.com/randalmurphal/orc/internal/api/server.go:449.28,450.17 1 0
github.com/randalmurphal/orc/internal/api/server.go:450.17,452.10 2 0
github.com/randalmurphal/orc/internal/api/server.go:455.3,456.12 2 0
github.com/randalmurphal/orc/internal/api/server.go:460.2,460.43 1 0
github.com/randalmurphal/orc/internal/api/server.go:460.43,464.3 3 0
github.com/randalmurphal/orc/internal/api/server.go:467.2,467.6 1 0
github.com/randalmurphal/orc/internal/api/server.go:467.6,468.10 1 0
github.com/randalmurphal/orc/internal/api/server.go:469.29,470.10 1 0
github.com/randalmurphal/orc/internal/api/server.go:471.22,474.28 3 0
github.com/randalmurphal/orc/internal/api/server.go:480.74,482.16 2 0
github.com/randalmurphal/orc/internal/api/server.go:482.16,484.3 1 0
github.com/randalmurphal/orc/internal/api/server.go:486.2,504.4 1 0
github.com/randalmurphal/orc/internal/api/server.go:508.72,511.2 2 0
github.com/randalmurphal/orc/internal/api/server.go:514.79,518.2 3 0
github.com/randalmurphal/orc/internal/executor/executor.go:80.30,93.2 1 1
github.com/randalmurphal/orc/internal/executor/executor.go:96.48,109.2 1 0
github.com/randalmurphal/orc/internal/executor/executor.go:137.33,138.16 1 1
github.com/randalmurphal/orc/internal/executor/executor.go:138.16,140.3 1 1
github.com/randalmurphal/orc/internal/executor/executor.go:143.2,144.16 2 1
github.com/randalmurphal/orc/internal/executor/executor.go:144.16,146.3 1 0
github.com/randalmurphal/orc/internal/executor/executor.go:149.2,155.26 2 1
github.com/randalmurphal/orc/internal/executor/executor.go:155.26,157.3 1 1
github.com/randalmurphal/orc/internal/executor/executor.go:159.2,159.36 1 1
github.com/randalmurphal/orc/internal/executor/executor.go:159.36,161.3 1 1
github.com/randalmurphal/orc/internal/executor/executor.go:163.2,167.27 3 1
github.com/randalmurphal/orc/internal/executor/executor.go:167.27,169.3 1 1
github.com/randalmurphal/orc/internal/executor/executor.go:171.2,179.3 1 1
github.com/randalmurphal/orc/internal/executor/executor.go:183.66,185.19 2 0
github.com/randalmurphal/orc/internal/executor/executor.go:185.19,187.3 1 0
github.com/randalmurphal/orc/internal/executor/executor.go:188.2,188.10 1 0
github.com/randalmurphal/orc/internal/executor/executor.go:192.116,214.21 12 0
github.com/randalmurphal/orc/internal/executor/executor.go:214.21,215.53 1 0
github.com/randalmurphal/orc/internal/executor/executor.go:215.53,217.4 1 0
github.com/randalmurphal/orc/internal/executor/executor.go:220.2,220.86 1 0
github.com/randalmurphal/orc/internal/executor/executor.go:220.86,221.18 1 0
github.com/randalmurphal/orc/internal/executor/executor.go:221.18,223.4 1 0
github.com/randalmurphal/orc/internal/executor/executor.go:224.3,224.30 1 0
github.com/randalmurphal/orc/internal/executor/executor.go:224.30,226.4 1 0
github.com/randalmurphal/orc/internal/executor/executor.go:227.3,227.17 1 0
github.com/randalmurphal/orc/internal/executor/executor.go:227.17,229.4 1 0
github.com/randalmurphal/orc/internal/executor/executor.go:230.3,230.18 1 0
github.com/randalmurphal/orc/internal/executor/executor.go:232.2,236.16 3 0
github.com/randalmurphal/orc/internal/executor/executor.go:236.16,241.3 4 0
github.com/randalmurphal/orc/internal/executor/executor.go:244.2,264.30 5 0
github.com/randalmurphal/orc/internal/executor/executor.go:264.30,269.3 1 0
github.com/randalmurphal/orc/internal/executor/executor.go:272.2,283.16 9 0
github.com/randalmurphal/orc/internal/executor/executor.go:283.16,287.3 3 0
github.com/randalmurphal/orc/internal/executor/executor.go:289.2,289.25 1 0
github.com/randalmurphal/orc/internal/executor/executor.go:289.25,291.3 1 0
github.com/randalmurphal/orc/internal/executor/executor.go:291.8,291.31 1 0
github.com/randalmurphal/orc/internal/executor/executor.go:291.31,294.3 2 0
github.com/randalmurphal/orc/internal/executor/executor.go:294.8,297.3 2 0
github.com/randalmurphal/orc/internal/executor/executor.go:299.2,299.29 1 0
github.com/randalmurphal/orc/internal/executor/executor.go:303.82,304.71 1 0
github.com/randalmurphal/orc/internal/executor/executor.go:304.71,308.17 3 0
github.com/randalmurphal/orc/internal/executor/executor.go:308.17,312.18 3 0
github.com/randalmurphal/orc/internal/executor/executor.go:312.18,314.23 1 0
github.com/randalmurphal/orc/internal/executor/executor.go:314.23,316.6 1 0
github.com/randalmurphal/orc/internal/executor/executor.go:316.11,318.6 1 0
github.com/randalmurphal/orc/internal/executor/executor.go:319.5,320.18 2 0
github.com/randalmurphal/orc/internal/executor/executor.go:325.3,327.16 3 0
github.com/randalmurphal/orc/internal/executor/executor.go:332.69,347.33 3 1
github.com/randalmurphal/orc/internal/executor/executor.go:347.33,349.3 1 1
github.com/randalmurphal/orc/internal/executor/executor.go:351.2,351.15 1 1
github.com/randalmurphal/orc/internal/executor/executor.go:355.71,356.71 1 0
github.com/randalmurphal/orc/internal/executor/executor.go:356.71,359.20 2 0
github.com/randalmurphal/orc/internal/executor/executor.go:359.20,361.4 1 0
github.com/randalmurphal/orc/internal/executor/executor.go:364.3,370.17 2 0
github.com/randalmurphal/orc/internal/executor/executor.go:370.17,373.4 2 0
github.com/randalmurphal/orc/internal/executor/executor.go:375.3,380.16 5 0
github.com/randalmurphal/orc/internal/executor/executor.go:385.103,386.71 1 0
github.com/randalmurphal/orc/internal/executor/executor.go:386.71,392.53 3 0
github.com/randalmurphal/orc/internal/executor/executor.go:392.53,394.4 1 0
github.com/randalmurphal/orc/internal/executor/executor.go:397.3,397.54 1 0
github.com/randalmurphal/orc/internal/executor/executor.go:397.54,399.4 1 0
github.com/randalmurphal/orc/internal/executor/executor.go:402.3,402.16 1 0
github.com/randalmurphal/orc/internal/executor/executor.go:402.16,405.4 2 0
github.com/randalmurphal/orc/internal/executor/executor.go:408.3,408.45 1 0
github.com/randalmurphal/orc/internal/executor/executor.go:408.45,410.4 1 0
github.com/randalmurphal/orc/internal/executor/executor.go:412.3,412.16 1 0
github.com/randalmurphal/orc/internal/executor/executor.go:417.74,418.71 1 0
github.com/randalmurphal/orc/internal/executor/executor.go:418.71,422.17 3 0
github.com/randalmurphal/orc/internal/executor/executor.go:422.17,426.4 2 0
github.com/randalmurphal/orc/internal/executor/executor.go:428.3,429.16 2 0
github.com/randalmurphal/orc/internal/executor/executor.go:434.55,436.47 2 0
github.com/randalmurphal/orc/internal/executor/executor.go:436.47,438.3 1 0
github.com/randalmurphal/orc/internal/executor/executor.go:440.2,461.50 4 0
github.com/randalmurphal/orc/internal/executor/executor.go:465.103,470.33 4 0
github.com/randalmurphal/orc/internal/executor/executor.go:470.33,472.3 1 0
github.com/randalmurphal/orc/internal/executor/executor.go:475.2,479.24 3 0
github.com/randalmurphal/orc/internal/executor/executor.go:479.24,483.35 2 0
github.com/randalmurphal/orc/internal/executor/executor.go:483.35,485.12 2 0
github.com/randalmurphal/orc/internal/executor/executor.go:489.3,490.34 2 0
github.com/randalmurphal/orc/internal/executor/executor.go:490.34,492.4 1 0
github.com/randalmurphal/orc/internal/executor/executor.go:494.3,498.17 3 0
github.com/randalmurphal/orc/internal/executor/executor.go:498.17,500.24 1 0
github.com/randalmurphal/orc/internal/executor/executor.go:500.24,504.5 3 0
github.com/randalmurphal/orc/internal/executor/executor.go:507.4,508.79 2 0
github.com/randalmurphal/orc/internal/executor/executor.go:508.79,518.42 4 0
github.com/randalmurphal/orc/internal/executor/executor.go:518.42,520.6 1 0
github.com/randalmurphal/orc/internal/executor/executor.go:521.5,526.23 4 0
github.com/randalmurphal/orc/internal/executor/executor.go:526.23,528.6 1 0
github.com/randalmurphal/orc/internal/executor/executor.go:528.11,530.6 1 0
github.com/randalmurphal/orc/internal/executor/executor.go:533.5,533.33 1 0
github.com/randalmurphal/orc/internal/executor/executor.go:533.33,534.28 1 0
github.com/randalmurphal/orc/internal/executor/executor.go:534.28,536.31 1 0
github.com/randalmurphal/orc/internal/executor/executor.go:536.31,538.8 1 0
github.com/randalmurphal/orc/internal/executor/executor.go:539.7,540.12 2 0
github.com/randalmurphal/orc/internal/executor/executor.go:543.5,544.13 2 0
github.com/randalmurphal/orc/internal/executor/executor.go:548.4,552.59 5 0
github.com/randalmurphal/orc/internal/executor/executor.go:556.3,561.26 4 0
github.com/randalmurphal/orc/internal/executor/executor.go:561.26,563.4 1 0
github.com/randalmurphal/orc/internal/executor/executor.go:566.3,566.34 1 0
github.com/randalmurphal/orc/internal/executor/executor.go:566.34,568.4 1 0
github.com/randalmurphal/orc/internal/executor/executor.go:569.3,569.38 1 0
github.com/randalmurphal/orc/internal/executor/executor.go:569.38,571.4 1 0
github.com/randalmurphal/orc/internal/executor/executor.go:574.3,574.28 1 0
github.com/randalmurphal/orc/internal/executor/executor.go:574.28,576.22 2 0
github.com/randalmurphal/orc/internal/executor/executor.go:576.22,579.5 1 0
github.com/randalmurphal/orc/internal/executor/executor.go:579.10,579.33 1 0
github.com/randalmurphal/orc/internal/executor/executor.go:579.33,582.80 2 0
github.com/randalmurphal/orc/internal/executor/executor.go:582.80,596.24 6 0
github.com/randalmurphal/orc/internal/executor/executor.go:596.24,598.7 1 0
github.com/randalmurphal/orc/internal/executor/executor.go:598.12,600.7 1 0
github.com/randalmurphal/orc/internal/executor/executor.go:603.6,603.34 1 0
github.com/randalmurphal/orc/internal/executor/executor.go:603.34,604.29 1 0
github.com/randalmurphal/orc/internal/executor/executor.go:604.29,605.32 1 0
github.com/randalmurphal/orc/internal/executor/executor.go:605.32,607.9 1 0
github.com/randalmurphal/orc/internal/executor/executor.go:608.8,609.13 2 0
github.com/randalmurphal/orc/internal/executor/executor.go:612.6,613.14 2 0
github.com/randalmurphal/orc/internal/executor/executor.go:617.5,621.96 2 0
github.com/randalmurphal/orc/internal/executor/executor.go:622.10,624.5 1 0
github.com/randalmurphal/orc/internal/executor/executor.go:627.3,627.6 1 0
github.com/randalmurphal/orc/internal/executor/executor.go:631.2,639.12 7 0
github.com/randalmurphal/orc/internal/executor/executor.go:643.127,648.66 2 0
github.com/randalmurphal/orc/internal/executor/executor.go:648.66,653.3 1 0
github.com/randalmurphal/orc/internal/executor/executor.go:656.2,661.61 2 0
github.com/randalmurphal/orc/internal/executor/executor.go:665.123,668.33 2 0
github.com/randalmurphal/orc/internal/executor/executor.go:668.33,669.26 1 0
github.com/randalmurphal/orc/internal/executor/executor.go:669.26,671.9 2 0
github.com/randalmurphal/orc/internal/executor/executor.go:675.2,675.20 1 0
github.com/randalmurphal/orc/internal/executor/executor.go:675.20,677.3 1 0
github.com/randalmurphal/orc/internal/executor/executor.go:680.2,691.45 3 0
github.com/randalmurphal/orc/internal/executor/executor.go:695.121,697.47 2 0
github.com/randalmurphal/orc/internal/executor/executor.go:697.47,699.3 1 0
github.com/randalmurphal/orc/internal/executor/executor.go:701.2,720.66 4 0
github.com/randalmurphal/orc/internal/executor/executor.go:720.66,722.3 1 0
github.com/randalmurphal/orc/internal/executor/executor.go:724.2,724.18 1 0
github.com/randalmurphal/orc/internal/executor/executor.go:728.68,730.15 2 0
github.com/randalmurphal/orc/internal/executor/executor.go:730.15,732.3 1 0
github.com/randalmurphal/orc/internal/executor/executor.go:735.2,755.26 2 0
github.com/randalmurphal/orc/internal/executor/executor.go:755.26,757.3 1 0
github.com/randalmurphal/orc/internal/executor/executor.go:759.2,759.16 1 0
github.com/randalmurphal/orc/internal/executor/recovery.go:32.39,39.2 1 1
github.com/randalmurphal/orc/internal/executor/recovery.go:42.120,49.57 5 0
github.com/randalmurphal/orc/internal/executor/recovery.go:49.57,51.21 2 0
github.com/randalmurphal/orc/internal/executor/recovery.go:51.21,53.4 1 0
github.com/randalmurphal/orc/internal/executor/recovery.go:56.3,56.28 1 0
github.com/randalmurphal/orc/internal/executor/recovery.go:56.28,58.4 1 0
github.com/randalmurphal/orc/internal/executor/recovery.go:60.3,69.15 2 0
github.com/randalmurphal/orc/internal/executor/recovery.go:69.15,71.43 2 0
github.com/randalmurphal/orc/internal/executor/recovery.go:71.43,73.5 1 0
github.com/randalmurphal/orc/internal/executor/recovery.go:76.3,76.10 1 0
github.com/randalmurphal/orc/internal/executor/recovery.go:77.21,78.28 1 0
github.com/randalmurphal/orc/internal/executor/recovery.go:79.30,79.30 0 0
github.com/randalmurphal/orc/internal/executor/recovery.go:83.3,84.31 2 0
github.com/randalmurphal/orc/internal/executor/recovery.go:84.31,86.4 1 0
github.com/randalmurphal/orc/internal/executor/recovery.go:89.2,89.30 1 0
github.com/randalmurphal/orc/internal/executor/recovery.go:93.34,94.16 1 1
github.com/randalmurphal/orc/internal/executor/recovery.go:94.16,96.3 1 1
github.com/randalmurphal/orc/internal/executor/recovery.go:99.2,101.44 1 1
github.com/randalmurphal/orc/internal/executor/recovery.go:101.44,103.3 1 1
github.com/randalmurphal/orc/internal/executor/recovery.go:106.2,120.44 3 1
github.com/randalmurphal/orc/internal/executor/recovery.go:120.44,121.40 1 1
github.com/randalmurphal/orc/internal/executor/recovery.go:121.40,123.4 1 1
github.com/randalmurphal/orc/internal/executor/recovery.go:126.2,126.14 1 1
github.com/randalmurphal/orc/internal/executor/recovery.go:130.37,131.16 1 1
github.com/randalmurphal/orc/internal/executor/recovery.go:131.16,133.3 1 1
github.com/randalmurphal/orc/internal/executor/recovery.go:135.2,137.128 2 1
github.com/randalmurphal/orc/internal/executor/recovery.go:137.128,139.3 1 1
github.com/randalmurphal/orc/internal/executor/recovery.go:141.2,141.83 1 1
github.com/randalmurphal/orc/internal/executor/recovery.go:141.83,143.3 1 1
github.com/randalmurphal/orc/internal/executor/recovery.go:145.2,145.81 1 1
github.com/randalmurphal/orc/internal/executor/recovery.go:145.81,147.3 1 1
github.com/randalmurphal/orc/internal/executor/recovery.go:149.2,149.12 1 1
github.com/randalmurphal/orc/internal/state/state.go:96.32,106.2 2 1
github.com/randalmurphal/orc/internal/state/state.go:109.42,112.16 3 1
github.com/randalmurphal/orc/internal/state/state.go:112.16,113.25 1 1
github.com/randalmurphal/orc/internal/state/state.go:113.25,115.27 1 1
github.com/randalmurphal/orc/internal/state/state.go:115.27,117.5 1 0
github.com/randalmurphal/orc/internal/state/state.go:118.4,118.55 1 1
github.com/randalmurphal/orc/internal/state/state.go:120.3,120.68 1 0
github.com/randalmurphal/orc/internal/state/state.go:123.2,124.49 2 1
github.com/randalmurphal/orc/internal/state/state.go:124.49,126.3 1 0
github.com/randalmurphal/orc/internal/state/state.go:129.2,129.21 1 1
github.com/randalmurphal/orc/internal/state/state.go:129.21,131.3 1 0
github.com/randalmurphal/orc/internal/state/state.go:133.2,133.16 1 1
github.com/randalmurphal/orc/internal/state/state.go:137.30,139.47 2 1
github.com/randalmurphal/orc/internal/state/state.go:139.47,141.3 1 0
github.com/randalmurphal/orc/internal/state/state.go:143.2,146.16 3 1
github.com/randalmurphal/orc/internal/state/state.go:146.16,148.3 1 0
github.com/randalmurphal/orc/internal/state/state.go:150.2,151.55 2 1
github.com/randalmurphal/orc/internal/state/state.go:151.55,153.3 1 0
github.com/randalmurphal/orc/internal/state/state.go:155.2,155.12 1 1
github.com/randalmurphal/orc/internal/state/state.go:159.44,165.30 5 1
github.com/randalmurphal/orc/internal/state/state.go:165.30,167.3 1 1
github.com/randalmurphal/orc/internal/state/state.go:169.2,170.35 2 1
github.com/randalmurphal/orc/internal/state/state.go:174.65,178.30 3 1
github.com/randalmurphal/orc/internal/state/state.go:178.30,180.3 1 0
github.com/randalmurphal/orc/internal/state/state.go:182.2,184.41 3 1
github.com/randalmurphal/orc/internal/state/state.go:188.54,194.30 5 1
github.com/randalmurphal/orc/internal/state/state.go:194.30,196.3 1 0
github.com/randalmurphal/orc/internal/state/state.go:198.2,199.39 2 1
github.com/randalmurphal/orc/internal/state/state.go:203.48,208.30 4 1
github.com/randalmurphal/orc/internal/state/state.go:208.30,210.3 1 0
github.com/randalmurphal/orc/internal/state/state.go:212.2,213.40 2 1
github.com/randalmurphal/orc/internal/state/state.go:217.38,221.37 3 1
github.com/randalmurphal/orc/internal/state/state.go:221.37,223.3 1 1
github.com/randalmurphal/orc/internal/state/state.go:227.46,233.37 5 1
github.com/randalmurphal/orc/internal/state/state.go:233.37,237.3 3 1
github.com/randalmurphal/orc/internal/state/state.go:241.90,250.2 2 1
github.com/randalmurphal/orc/internal/state/state.go:253.28,258.2 4 1
github.com/randalmurphal/orc/internal/state/state.go:261.41,262.44 1 1
github.com/randalmurphal/orc/internal/state/state.go:262.44,263.83 1 1
github.com/randalmurphal/orc/internal/state/state.go:263.83,265.4 1 1
github.com/randalmurphal/orc/internal/state/state.go:267.2,267.11 1 1
github.com/randalmurphal/orc/internal/state/state.go:271.55,273.9 2 1
github.com/randalmurphal/orc/internal/state/state.go:273.9,275.3 1 1
github.com/randalmurphal/orc/internal/state/state.go:276.2,276.37 1 1
github.com/randalmurphal/orc/internal/state/state.go:280.44,281.30 1 1
github.com/randalmurphal/orc/internal/state/state.go:281.30,286.3 4 1
github.com/randalmurphal/orc/internal/state/state.go:287.2,287.26 1 1
github.com/randalmurphal/orc/internal/state/state.go:291.96,301.2 2 1
github.com/randalmurphal/orc/internal/state/state.go:304.57,305.27 1 1
github.com/randalmurphal/orc/internal/state/state.go:305.27,308.3 2 1
github.com/randalmurphal/orc/internal/state/state.go:312.37,315.2 2 1
github.com/randalmurphal/orc/internal/state/state.go:318.49,320.2 1 1
github.com/randalmurphal/orc/internal/state/state.go:323.40,325.2 1 1
github.com/randalmurphal/orc/internal/state/state.go:328.58,332.30 3 1
github.com/randalmurphal/orc/internal/state/state.go:332.30,334.3 1 0
github.com/randalmurphal/orc/internal/state/state.go:336.2,338.18 3 1
github.com/randalmurphal/orc/internal/state/state.go:338.18,340.3 1 1
github.com/randalmurphal/orc/internal/state/state.go:343.2,343.53 1 1
github.com/randalmurphal/orc/internal/plan/plan.go:87.32,91.2 1 1
github.com/randalmurphal/orc/internal/plan/plan.go:94.74,96.2 1 1
github.com/randalmurphal/orc/internal/plan/plan.go:99.59,101.9 2 1
github.com/randalmurphal/orc/internal/plan/plan.go:101.9,104.3 1 0
github.com/randalmurphal/orc/internal/plan/plan.go:106.2,106.17 1 1
github.com/randalmurphal/orc/internal/plan/plan.go:106.17,108.3 1 0
github.com/randalmurphal/orc/internal/plan/plan.go:110.2,119.32 2 1
github.com/randalmurphal/orc/internal/plan/plan.go:119.32,122.3 2 1
github.com/randalmurphal/orc/internal/plan/plan.go:124.2,124.18 1 1
github.com/randalmurphal/orc/internal/plan/plan.go:128.43,129.26 1 1
github.com/randalmurphal/orc/internal/plan/plan.go:129.26,130.27 1 1
github.com/randalmurphal/orc/internal/plan/plan.go:130.27,132.4 1 1
github.com/randalmurphal/orc/internal/plan/plan.go:134.2,134.12 1 1
github.com/randalmurphal/orc/internal/plan/plan.go:138.38,139.26 1 1
github.com/randalmurphal/orc/internal/plan/plan.go:139.26,140.81 1 1
github.com/randalmurphal/orc/internal/plan/plan.go:140.81,142.4 1 1
github.com/randalmurphal/orc/internal/plan/plan.go:144.2,144.12 1 1
github.com/randalmurphal/orc/internal/plan/plan.go:148.34,149.33 1 1
github.com/randalmurphal/orc/internal/plan/plan.go:149.33,150.69 1 1
github.com/randalmurphal/orc/internal/plan/plan.go:150.69,152.4 1 1
github.com/randalmurphal/orc/internal/plan/plan.go:154.2,154.13 1 1
github.com/randalmurphal/orc/internal/plan/plan.go:165.35,165.55 1 1
github.com/randalmurphal/orc/internal/plan/plan.go:168.41,171.16 3 1
github.com/randalmurphal/orc/internal/plan/plan.go:171.16,172.25 1 1
github.com/randalmurphal/orc/internal/plan/plan.go:172.25,174.4 1 1
github.com/randalmurphal/orc/internal/plan/plan.go:175.3,175.67 1 0
github.com/randalmurphal/orc/internal/plan/plan.go:178.2,179.49 2 1
github.com/randalmurphal/orc/internal/plan/plan.go:179.49,181.3 1 0
github.com/randalmurphal/orc/internal/plan/plan.go:183.2,183.16 1 1
github.com/randalmurphal/orc/internal/plan/plan.go:187.42,189.47 2 1
github.com/randalmurphal/orc/internal/plan/plan.go:189.47,191.3 1 0
github.com/randalmurphal/orc/internal/plan/plan.go:193.2,194.16 2 1
github.com/randalmurphal/orc/internal/plan/plan.go:194.16,196.3 1 0
github.com/randalmurphal/orc/internal/plan/plan.go:198.2,199.55 2 1
github.com/randalmurphal/orc/internal/plan/plan.go:199.55,201.3 1 0
github.com/randalmurphal/orc/internal/plan/plan.go:203.2,203.12 1 1
github.com/randalmurphal/orc/internal/plan/plan.go:207.62,210.16 3 1
github.com/randalmurphal/orc/internal/plan/plan.go:210.16,212.3 1 1
github.com/randalmurphal/orc/internal/plan/plan.go:214.2,215.52 2 1
github.com/randalmurphal/orc/internal/plan/plan.go:215.52,217.3 1 0
github.com/randalmurphal/orc/internal/plan/plan.go:219.2,219.19 1 1
github.com/randalmurphal/orc/internal/plan/plan.go:223.54,225.16 2 1
github.com/randalmurphal/orc/internal/plan/plan.go:225.16,227.3 1 0
github.com/randalmurphal/orc/internal/plan/plan.go:229.2,238.36 2 1
github.com/randalmurphal/orc/internal/plan/plan.go:238.36,241.3 2 1
github.com/randalmurphal/orc/internal/plan/plan.go:243.2,243.15 1 1
github.com/randalmurphal/orc/internal/task/task.go:88.34,99.2 2 1
github.com/randalmurphal/orc/internal/task/task.go:102.34,104.2 1 1
github.com/randalmurphal/orc/internal/task/task.go:107.30,112.2 1 1
github.com/randalmurphal/orc/internal/task/task.go:115.37,118.16 3 1
github.com/randalmurphal/orc/internal/task/task.go:118.16,119.25 1 1
github.com/randalmurphal/orc/internal/task/task.go:119.25,121.4 1 1
github.com/randalmurphal/orc/internal/task/task.go:122.3,122.54 1 0
github.com/randalmurphal/orc/internal/task/task.go:125.2,126.49 2 1
github.com/randalmurphal/orc/internal/task/task.go:126.49,128.3 1 0
github.com/randalmurphal/orc/internal/task/task.go:130.2,130.16 1 1
github.com/randalmurphal/orc/internal/task/task.go:134.29,136.47 2 1
github.com/randalmurphal/orc/internal/task/task.go:136.47,138.3 1 0
github.com/randalmurphal/orc/internal/task/task.go:140.2,143.16 3 1
github.com/randalmurphal/orc/internal/task/task.go:143.16,145.3 1 0
github.com/randalmurphal/orc/internal/task/task.go:147.2,148.55 2 1
github.com/randalmurphal/orc/internal/task/task.go:148.55,150.3 1 0
github.com/randalmurphal/orc/internal/task/task.go:152.2,152.12 1 1
github.com/randalmurphal/orc/internal/task/task.go:156.33,160.16 3 1
github.com/randalmurphal/orc/internal/task/task.go:160.16,161.25 1 1
github.com/randalmurphal/orc/internal/task/task.go:161.25,163.4 1 1
github.com/randalmurphal/orc/internal/task/task.go:164.3,164.58 1 0
github.com/randalmurphal/orc/internal/task/task.go:167.2,168.32 2 1
github.com/randalmurphal/orc/internal/task/task.go:168.32,169.21 1 1
github.com/randalmurphal/orc/internal/task/task.go:169.21,170.12 1 1
github.com/randalmurphal/orc/internal/task/task.go:173.3,174.17 2 1
github.com/randalmurphal/orc/internal/task/task.go:174.17,175.12 1 0
github.com/randalmurphal/orc/internal/task/task.go:177.3,177.27 1 1
github.com/randalmurphal/orc/internal/task/task.go:181.2,181.40 1 1
github.com/randalmurphal/orc/internal/task/task.go:181.40,183.3 1 1
github.com/randalmurphal/orc/internal/task/task.go:185.2,185.19 1 1
github.com/randalmurphal/orc/internal/task/task.go:189.31,193.16 3 1
github.com/randalmurphal/orc/internal/task/task.go:193.16,194.25 1 0
github.com/randalmurphal/orc/internal/task/task.go:194.25,196.4 1 0
github.com/randalmurphal/orc/internal/task/task.go:197.3,197.57 1 0
github.com/randalmurphal/orc/internal/task/task.go:201.2,204.32 3 1
github.com/randalmurphal/orc/internal/task/task.go:204.32,205.21 1 1
github.com/randalmurphal/orc/internal/task/task.go:205.21,206.12 1 0
github.com/randalmurphal/orc/internal/task/task.go:209.3,210.24 2 1
github.com/randalmurphal/orc/internal/task/task.go:210.24,212.20 2 1
github.com/randalmurphal/orc/internal/task/task.go:212.20,214.5 1 1
github.com/randalmurphal/orc/internal/task/task.go:218.2,218.48 1 1
github.com/randalmurphal/orc/internal/task/task.go:222.32,224.2 1 1
github.com/randalmurphal/orc/internal/task/task.go:227.29,231.2 3 1
github.com/randalmurphal/orc/internal/cli/commands.go:24.34,37.55 1 1
github.com/randalmurphal/orc/internal/cli/commands.go:37.55,40.45 2 0
github.com/randalmurphal/orc/internal/cli/commands.go:40.45,42.5 1 0
github.com/randalmurphal/orc/internal/cli/commands.go:44.4,50.14 6 0
github.com/randalmurphal/orc/internal/cli/commands.go:53.2,54.12 2 1
github.com/randalmurphal/orc/internal/cli/commands.go:58.33,72.55 1 1
github.com/randalmurphal/orc/internal/cli/commands.go:72.55,73.47 1 0
github.com/randalmurphal/orc/internal/cli/commands.go:73.47,75.5 1 0
github.com/randalmurphal/orc/internal/cli/commands.go:77.4,83.18 5 0
github.com/randalmurphal/orc/internal/cli/commands.go:83.18,85.5 1 0
github.com/randalmurphal/orc/internal/cli/commands.go:88.4,89.25 2 0
github.com/randalmurphal/orc/internal/cli/commands.go:89.25,91.5 1 0
github.com/randalmurphal/orc/internal/cli/commands.go:94.4,94.20 1 0
github.com/randalmurphal/orc/internal/cli/commands.go:94.20,96.5 1 0
github.com/randalmurphal/orc/internal/cli/commands.go:96.10,100.5 1 0
github.com/randalmurphal/orc/internal/cli/commands.go:103.4,103.35 1 0
github.com/randalmurphal/orc/internal/cli/commands.go:103.35,105.5 1 0
github.com/randalmurphal/orc/internal/cli/commands.go:108.4,109.18 2 0
github.com/randalmurphal/orc/internal/cli/commands.go:109.18,121.5 2 0
github.com/randalmurphal/orc/internal/cli/commands.go:124.4,124.37 1 0
github.com/randalmurphal/orc/internal/cli/commands.go:124.37,126.5 1 0
github.com/randalmurphal/orc/internal/cli/commands.go:129.4,130.35 2 0
github.com/randalmurphal/orc/internal/cli/commands.go:130.35,132.5 1 0
github.com/randalmurphal/orc/internal/cli/commands.go:134.4,142.14 8 0
github.com/randalmurphal/orc/internal/cli/commands.go:145.2,147.12 3 1
github.com/randalmurphal/orc/internal/cli/commands.go:151.34,162.55 1 1
github.com/randalmurphal/orc/internal/cli/commands.go:162.55,163.47 1 0
github.com/randalmurphal/orc/internal/cli/commands.go:163.47,165.5 1 0
github.com/randalmurphal/orc/internal/cli/commands.go:167.4,168.18 2 0
github.com/randalmurphal/orc/internal/cli/commands.go:168.18,170.5 1 0
github.com/randalmurphal/orc/internal/cli/commands.go:172.4,172.23 1 0
github.com/randalmurphal/orc/internal/cli/commands.go:172.23,175.5 2 0
github.com/randalmurphal/orc/internal/cli/commands.go:178.4,182.28 4 0
github.com/randalmurphal/orc/internal/cli/commands.go:182.28,185.20 3 0
github.com/randalmurphal/orc/internal/cli/commands.go:185.20,187.6 1 0
github.com/randalmurphal/orc/internal/cli/commands.go:188.5,189.81 2 0
github.com/randalmurphal/orc/internal/cli/commands.go:192.4,193.14 2 0
github.com/randalmurphal/orc/internal/cli/commands.go:199.34,204.55 1 1
github.com/randalmurphal/orc/internal/cli/commands.go:204.55,205.47 1 0
github.com/randalmurphal/orc/internal/cli/commands.go:205.47,207.5 1 0
github.com/randalmurphal/orc/internal/cli/commands.go:209.4,212.18 3 0
github.com/randalmurphal/orc/internal/cli/commands.go:212.18,214.5 1 0
github.com/randalmurphal/orc/internal/cli/commands.go:216.4,227.26 9 0
github.com/randalmurphal/orc/internal/cli/commands.go:227.26,229.5 1 0
github.com/randalmurphal/orc/internal/cli/commands.go:230.4,230.28 1 0
github.com/randalmurphal/orc/internal/cli/commands.go:230.28,232.5 1 0
github.com/randalmurphal/orc/internal/cli/commands.go:234.4,234.27 1 0
github.com/randalmurphal/orc/internal/cli/commands.go:234.27,236.5 1 0
github.com/randalmurphal/orc/internal/cli/commands.go:239.4,239.37 1 0
github.com/randalmurphal/orc/internal/cli/commands.go:239.37,241.36 2 0
github.com/randalmurphal/orc/internal/cli/commands.go:241.36,244.31 3 0
github.com/randalmurphal/orc/internal/cli/commands.go:244.31,246.7 1 0
github.com/randalmurphal/orc/internal/cli/commands.go:247.6,247.19 1 0
github.com/randalmurphal/orc/internal/cli/commands.go:252.4,252.44 1 0
github.com/randalmurphal/orc/internal/cli/commands.go:252.44,254.5 1 0
github.com/randalmurphal/orc/internal/cli/commands.go:256.4,256.14 1 0
github.com/randalmurphal/orc/internal/cli/commands.go:262.33,282.55 1 1
github.com/randalmurphal/orc/internal/cli/commands.go:282.55,283.47 1 0
github.com/randalmurphal/orc/internal/cli/commands.go:283.47,285.5 1 0
github.com/randalmurphal/orc/internal/cli/commands.go:287.4,292.18 4 0
github.com/randalmurphal/orc/internal/cli/commands.go:292.18,294.5 1 0
github.com/randalmurphal/orc/internal/cli/commands.go:297.4,297.53 1 0
github.com/randalmurphal/orc/internal/cli/commands.go:297.53,299.5 1 0
github.com/randalmurphal/orc/internal/cli/commands.go:302.4,303.18 2 0
github.com/randalmurphal/orc/internal/cli/commands.go:303.18,305.5 1 0
github.com/randalmurphal/orc/internal/cli/commands.go:308.4,309.18 2 0
github.com/randalmurphal/orc/internal/cli/commands.go:309.18,311.5 1 0
github.com/randalmurphal/orc/internal/cli/commands.go:314.4,315.18 2 0
github.com/randalmurphal/orc/internal/cli/commands.go:315.18,317.5 1 0
github.com/randalmurphal/orc/internal/cli/commands.go:320.4,320.21 1 0
github.com/randalmurphal/orc/internal/cli/commands.go:320.21,322.5 1 0
github.com/randalmurphal/orc/internal/cli/commands.go:325.4,330.14 5 0
github.com/randalmurphal/orc/internal/cli/commands.go:330.14,334.5 3 0
github.com/randalmurphal/orc/internal/cli/commands.go:337.4,345.18 5 0
github.com/randalmurphal/orc/internal/cli/commands.go:345.18,346.25 1 0
github.com/randalmurphal/orc/internal/cli/commands.go:346.25,354.6 6 0
github.com/randalmurphal/orc/internal/cli/commands.go:355.5,356.15 2 0
github.com/randalmurphal/orc/internal/cli/commands.go:359.4,360.14 2 0
github.com/randalmurphal/orc/internal/cli/commands.go:363.2,366.12 4 1
github.com/randalmurphal/orc/internal/cli/commands.go:370.35,375.55 1 1
github.com/randalmurphal/orc/internal/cli/commands.go:375.55,376.47 1 0
github.com/randalmurphal/orc/internal/cli/commands.go:376.47,378.5 1 0
github.com/randalmurphal/orc/internal/cli/commands.go:380.4,383.18 3 0
github.com/randalmurphal/orc/internal/cli/commands.go:383.18,385.5 1 0
github.com/randalmurphal/orc/internal/cli/commands.go:387.4,387.38 1 0
github.com/randalmurphal/orc/internal/cli/commands.go:387.38,389.5 1 0
github.com/randalmurphal/orc/internal/cli/commands.go:391.4,392.35 2 0
github.com/randalmurphal/orc/internal/cli/commands.go:392.35,394.5 1 0
github.com/randalmurphal/orc/internal/cli/commands.go:396.4,398.14 3 0
github.com/randalmurphal/orc/internal/cli/commands.go:404.34,409.55 1 1
github.com/randalmurphal/orc/internal/cli/commands.go:409.55,410.47 1 0
github.com/randalmurphal/orc/internal/cli/commands.go:410.47,412.5 1 0
github.com/randalmurphal/orc/internal/cli/commands.go:414.4,417.18 3 0
github.com/randalmurphal/orc/internal/cli/commands.go:417.18,419.5 1 0
github.com/randalmurphal/orc/internal/cli/commands.go:421.4,421.40 1 0
github.com/randalmurphal/orc/internal/cli/commands.go:421.40,423.5 1 0
github.com/randalmurphal/orc/internal/cli/commands.go:425.4,426.35 2 0
github.com/randalmurphal/orc/internal/cli/commands.go:426.35,428.5 1 0
github.com/randalmurphal/orc/internal/cli/commands.go:430.4,431.14 2 0
github.com/randalmurphal/orc/internal/cli/commands.go:437.36,442.55 1 1
github.com/randalmurphal/orc/internal/cli/commands.go:442.55,443.47 1 0
github.com/randalmurphal/orc/internal/cli/commands.go:443.47,445.5 1 0
github.com/randalmurphal/orc/internal/cli/commands.go:447.4,450.18 3 0
github.com/randalmurphal/orc/internal/cli/commands.go:450.18,452.5 1 0
github.com/randalmurphal/orc/internal/cli/commands.go:454.4,454.71 1 0
github.com/randalmurphal/orc/internal/cli/commands.go:454.71,456.5 1 0
github.com/randalmurphal/orc/internal/cli/commands.go:458.4,459.18 2 0
github.com/randalmurphal/orc/internal/cli/commands.go:459.18,461.5 1 0
github.com/randalmurphal/orc/internal/cli/commands.go:463.4,464.18 2 0
github.com/randalmurphal/orc/internal/cli/commands.go:464.18,466.5 1 0
github.com/randalmurphal/orc/internal/cli/commands.go:468.4,469.18 2 0
github.com/randalmurphal/orc/internal/cli/commands.go:469.18,471.5 1 0
github.com/randalmurphal/orc/internal/cli/commands.go:474.4,479.14 5 0
github.com/randalmurphal/orc/internal/cli/commands.go:479.14,483.5 3 0
github.com/randalmurphal/orc/internal/cli/commands.go:485.4,492.25 5 0
github.com/randalmurphal/orc/internal/cli/commands.go:492.25,494.5 1 0
github.com/randalmurphal/orc/internal/cli/commands.go:495.4,495.25 1 0
github.com/randalmurphal/orc/internal/cli/commands.go:495.25,497.5 1 0
github.com/randalmurphal/orc/internal/cli/commands.go:499.4,500.18 2 0
github.com/randalmurphal/orc/internal/cli/commands.go:500.18,501.25 1 0
github.com/randalmurphal/orc/internal/cli/commands.go:501.25,504.6 2 0
github.com/randalmurphal/orc/internal/cli/commands.go:505.5,506.15 2 0
github.com/randalmurphal/orc/internal/cli/commands.go:509.4,510.14 2 0
github.com/randalmurphal/orc/internal/cli/commands.go:516.36,529.55 1 1
github.com/randalmurphal/orc/internal/cli/commands.go:529.55,530.47 1 0
github.com/randalmurphal/orc/internal/cli/commands.go:530.47,532.5 1 0
github.com/randalmurphal/orc/internal/cli/commands.go:534.4,537.21 3 0
github.com/randalmurphal/orc/internal/cli/commands.go:537.21,539.5 1 0
github.com/randalmurphal/orc/internal/cli/commands.go:542.4,543.18 2 0
github.com/randalmurphal/orc/internal/cli/commands.go:543.18,545.5 1 0
github.com/randalmurphal/orc/internal/cli/commands.go:547.4,548.20 2 0
github.com/randalmurphal/orc/internal/cli/commands.go:548.20,550.5 1 0
github.com/randalmurphal/orc/internal/cli/commands.go:552.4,552.29 1 0
github.com/randalmurphal/orc/internal/cli/commands.go:552.29,554.5 1 0
github.com/randalmurphal/orc/internal/cli/commands.go:556.4,562.36 6 0
github.com/randalmurphal/orc/internal/cli/commands.go:562.36,565.5 2 0
github.com/randalmurphal/orc/internal/cli/commands.go:568.4,569.18 2 0
github.com/randalmurphal/orc/internal/cli/commands.go:569.18,571.5 1 0
github.com/randalmurphal/orc/internal/cli/commands.go:574.4,575.28 2 0
github.com/randalmurphal/orc/internal/cli/commands.go:575.28,576.34 1 0
github.com/randalmurphal/orc/internal/cli/commands.go:576.34,580.14 4 0
github.com/randalmurphal/orc/internal/cli/commands.go:582.5,582.20 1 0
github.com/randalmurphal/orc/internal/cli/commands.go:582.20,585.41 3 0
github.com/randalmurphal/orc/internal/cli/commands.go:585.41,587.7 1 0
github.com/randalmurphal/orc/internal/cli/commands.go:592.4,592.37 1 0
github.com/randalmurphal/orc/internal/cli/commands.go:592.37,594.5 1 0
github.com/randalmurphal/orc/internal/cli/commands.go:595.4,595.35 1 0
github.com/randalmurphal/orc/internal/cli/commands.go:595.35,597.5 1 0
github.com/randalmurphal/orc/internal/cli/commands.go:599.4,601.14 3 0
github.com/randalmurphal/orc/internal/cli/commands.go:604.2,606.12 3 1
github.com/randalmurphal/orc/internal/cli/commands.go:610.36,618.55 1 1
github.com/randalmurphal/orc/internal/cli/commands.go:618.55,619.47 1 0
github.com/randalmurphal/orc/internal/cli/commands.go:619.47,621.5 1 0
github.com/randalmurphal/orc/internal/cli/commands.go:623.4,624.18 2 0
github.com/randalmurphal/orc/internal/cli/commands.go:624.18,626.5 1 0
github.com/randalmurphal/orc/internal/cli/commands.go:629.4,630.28 2 0
github.com/randalmurphal/orc/internal/cli/commands.go:630.28,631.21 1 0
github.com/randalmurphal/orc/internal/cli/commands.go:632.29,633.15 1 0
github.com/randalmurphal/orc/internal/cli/commands.go:634.28,635.14 1 0
github.com/randalmurphal/orc/internal/cli/commands.go:636.29,637.15 1 0
github.com/randalmurphal/orc/internal/cli/commands.go:638.31,639.17 1 0
github.com/randalmurphal/orc/internal/cli/commands.go:643.4,652.34 8 0
github.com/randalmurphal/orc/internal/cli/commands.go:652.34,654.29 2 0
github.com/randalmurphal/orc/internal/cli/commands.go:654.29,655.74 1 0
github.com/randalmurphal/orc/internal/cli/commands.go:655.74,657.7 1 0
github.com/randalmurphal/orc/internal/cli/commands.go:661.4,661.14 1 0
github.com/randalmurphal/orc/internal/cli/commands.go:667.33,672.55 1 1
github.com/randalmurphal/orc/internal/cli/commands.go:672.55,673.47 1 0
github.com/randalmurphal/orc/internal/cli/commands.go:673.47,675.5 1 0
github.com/randalmurphal/orc/internal/cli/commands.go:677.4,681.18 4 0
github.com/randalmurphal/orc/internal/cli/commands.go:681.18,682.27 1 0
github.com/randalmurphal/orc/internal/cli/commands.go:682.27,685.6 2 0
github.com/randalmurphal/orc/internal/cli/commands.go:686.5,686.51 1 0
github.com/randalmurphal/orc/internal/cli/commands.go:689.4,689.25 1 0
github.com/randalmurphal/orc/internal/cli/commands.go:689.25,692.5 2 0
github.com/randalmurphal/orc/internal/cli/commands.go:694.4,695.34 2 0
github.com/randalmurphal/orc/internal/cli/commands.go:695.34,697.5 1 0
github.com/randalmurphal/orc/internal/cli/commands.go:699.4,699.14 1 0
github.com/randalmurphal/orc/internal/cli/commands.go:705.34,710.55 1 1
github.com/randalmurphal/orc/internal/cli/commands.go:710.55,714.4 2 0
github.com/randalmurphal/orc/internal/cli/commands.go:719.37,724.55 1 1
github.com/randalmurphal/orc/internal/cli/commands.go:724.55,725.47 1 0
github.com/randalmurphal/orc/internal/cli/commands.go:725.47,727.5 1 0
github.com/randalmurphal/orc/internal/cli/commands.go:729.4,732.18 3 0
github.com/randalmurphal/orc/internal/cli/commands.go:732.18,734.5 1 0
github.com/randalmurphal/orc/internal/cli/commands.go:736.4,736.38 1 0
github.com/randalmurphal/orc/internal/cli/commands.go:736.38,738.5 1 0
github.com/randalmurphal/orc/internal/cli/commands.go:740.4,741.35 2 0
github.com/randalmurphal/orc/internal/cli/commands.go:741.35,743.5 1 0
github.com/randalmurphal/orc/internal/cli/commands.go:745.4,747.14 3 0
github.com/randalmurphal/orc/internal/cli/commands.go:753.36,758.55 1 1
github.com/randalmurphal/orc/internal/cli/commands.go:758.55,759.47 1 0
github.com/randalmurphal/orc/internal/cli/commands.go:759.47,761.5 1 0
github.com/randalmurphal/orc/internal/cli/commands.go:763.4,767.18 4 0
github.com/randalmurphal/orc/internal/cli/commands.go:767.18,769.5 1 0
github.com/randalmurphal/orc/internal/cli/commands.go:771.4,772.18 2 0
github.com/randalmurphal/orc/internal/cli/commands.go:772.18,774.5 1 0
github.com/randalmurphal/orc/internal/cli/commands.go:776.4,776.20 1 0
github.com/randalmurphal/orc/internal/cli/commands.go:776.20,778.5 1 0
github.com/randalmurphal/orc/internal/cli/commands.go:780.4,781.35 2 0
github.com/randalmurphal/orc/internal/cli/commands.go:781.35,783.5 1 0
github.com/randalmurphal/orc/internal/cli/commands.go:785.4,786.35 2 0
github.com/randalmurphal/orc/internal/cli/commands.go:786.35,788.5 1 0
github.com/randalmurphal/orc/internal/cli/commands.go:790.4,791.14 2 0
github.com/randalmurphal/orc/internal/cli/commands.go:794.2,795.12 2 1
github.com/randalmurphal/orc/internal/cli/commands.go:799.36,804.55 1 1
github.com/randalmurphal/orc/internal/cli/commands.go:804.55,808.4 2 0
github.com/randalmurphal/orc/internal/cli/commands.go:813.36,818.55 1 1
github.com/randalmurphal/orc/internal/cli/commands.go:818.55,822.4 2 0
github.com/randalmurphal/orc/internal/cli/commands.go:827.36,843.55 1 1
github.com/randalmurphal/orc/internal/cli/commands.go:843.55,844.47 1 0
github.com/randalmurphal/orc/internal/cli/commands.go:844.47,846.5 1 0
github.com/randalmurphal/orc/internal/cli/commands.go:848.4,849.18 2 0
github.com/randalmurphal/orc/internal/cli/commands.go:849.18,851.5 1 0
github.com/randalmurphal/orc/internal/cli/commands.go:853.4,853.22 1 0
github.com/randalmurphal/orc/internal/cli/commands.go:853.22,872.5 17 0
github.com/randalmurphal/orc/internal/cli/commands.go:875.4,875.22 1 0
github.com/randalmurphal/orc/internal/cli/commands.go:875.22,877.16 2 0
github.com/randalmurphal/orc/internal/cli/commands.go:878.20,880.39 2 0
github.com/randalmurphal/orc/internal/cli/commands.go:880.39,882.7 1 0
github.com/randalmurphal/orc/internal/cli/commands.go:883.6,883.47 1 0
github.com/randalmurphal/orc/internal/cli/commands.go:884.13,885.54 1 0
github.com/randalmurphal/orc/internal/cli/commands.go:887.5,887.15 1 0
github.com/randalmurphal/orc/internal/cli/commands.go:891.4,892.15 2 0
github.com/randalmurphal/orc/internal/cli/commands.go:893.19,894.29 1 0
github.com/randalmurphal/orc/internal/cli/commands.go:895.17,898.42 3 0
github.com/randalmurphal/orc/internal/cli/commands.go:898.42,900.49 2 0
github.com/randalmurphal/orc/internal/cli/commands.go:900.49,902.7 1 0
github.com/randalmurphal/orc/internal/cli/commands.go:904.17,907.36 3 0
github.com/randalmurphal/orc/internal/cli/commands.go:907.36,909.43 2 0
github.com/randalmurphal/orc/internal/cli/commands.go:909.43,911.7 1 0
github.com/randalmurphal/orc/internal/cli/commands.go:913.12,914.53 1 0
github.com/randalmurphal/orc/internal/cli/commands.go:916.4,916.14 1 0
github.com/randalmurphal/orc/internal/cli/commands.go:922.34,935.55 1 1
github.com/randalmurphal/orc/internal/cli/commands.go:935.55,936.47 1 0
github.com/randalmurphal/orc/internal/cli/commands.go:936.47,938.5 1 0
github.com/randalmurphal/orc/internal/cli/commands.go:940.4,944.21 4 0
github.com/randalmurphal/orc/internal/cli/commands.go:944.21,946.5 1 0
github.com/randalmurphal/orc/internal/cli/commands.go:949.4,950.18 2 0
github.com/randalmurphal/orc/internal/cli/commands.go:950.18,952.5 1 0
github.com/randalmurphal/orc/internal/cli/commands.go:955.4,956.20 2 0
github.com/randalmurphal/orc/internal/cli/commands.go:956.20,958.5 1 0
github.com/randalmurphal/orc/internal/cli/commands.go:960.4,960.43 1 0
github.com/randalmurphal/orc/internal/cli/commands.go:960.43,962.5 1 0
github.com/randalmurphal/orc/internal/cli/commands.go:964.4,967.37 2 0
github.com/randalmurphal/orc/internal/cli/commands.go:967.37,969.5 1 0
github.com/randalmurphal/orc/internal/cli/commands.go:972.4,973.30 2 0
github.com/randalmurphal/orc/internal/cli/commands.go:973.30,976.5 2 0
github.com/randalmurphal/orc/internal/cli/commands.go:978.4,979.20 2 0
github.com/randalmurphal/orc/internal/cli/commands.go:979.20,981.5 1 0
github.com/randalmurphal/orc/internal/cli/commands.go:982.4,984.14 3 0
github.com/randalmurphal/orc/internal/cli/commands.go:987.2,990.12 4 1
github.com/randalmurphal/orc/internal/cli/commands.go:994.37,1007.55 1 1
github.com/randalmurphal/orc/internal/cli/commands.go:1007.55,1008.47 1 0
github.com/randalmurphal/orc/internal/cli/commands.go:1008.47,1010.5 1 0
github.com/randalmurphal/orc/internal/cli/commands.go:1012.4,1017.18 5 0
github.com/randalmurphal/orc/internal/cli/commands.go:1017.18,1019.5 1 0
github.com/randalmurphal/orc/internal/cli/commands.go:1021.4,1022.28 2 0
github.com/randalmurphal/orc/internal/cli/commands.go:1022.28,1024.49 1 0
github.com/randalmurphal/orc/internal/cli/commands.go:1024.49,1025.14 1 0
github.com/randalmurphal/orc/internal/cli/commands.go:1029.5,1029.24 1 0
github.com/randalmurphal/orc/internal/cli/commands.go:1029.24,1031.20 2 0
github.com/randalmurphal/orc/internal/cli/commands.go:1031.20,1033.7 1 0
github.com/randalmurphal/orc/internal/cli/commands.go:1034.6,1034.44 1 0
github.com/randalmurphal/orc/internal/cli/commands.go:1034.44,1035.15 1 0
github.com/randalmurphal/orc/internal/cli/commands.go:1039.5,1039.33 1 0
github.com/randalmurphal/orc/internal/cli/commands.go:1042.4,1042.25 1 0
github.com/randalmurphal/orc/internal/cli/commands.go:1042.25,1045.5 2 0
github.com/randalmurphal/orc/internal/cli/commands.go:1047.4,1047.14 1 0
github.com/randalmurphal/orc/internal/cli/commands.go:1047.14,1049.31 2 0
github.com/randalmurphal/orc/internal/cli/commands.go:1049.31,1051.6 1 0
github.com/randalmurphal/orc/internal/cli/commands.go:1052.5,1052.15 1 0
github.com/randalmurphal/orc/internal/cli/commands.go:1055.4,1056.30 2 0
github.com/randalmurphal/orc/internal/cli/commands.go:1056.30,1059.49 2 0
github.com/randalmurphal/orc/internal/cli/commands.go:1059.49,1061.14 2 0
github.com/randalmurphal/orc/internal/cli/commands.go:1063.5,1063.43 1 0
github.com/randalmurphal/orc/internal/cli/commands.go:1066.4,1066.14 1 0
github.com/randalmurphal/orc/internal/cli/commands.go:1069.2,1072.12 4 1
github.com/randalmurphal/orc/internal/cli/commands.go:1076.37,1080.48 1 1
github.com/randalmurphal/orc/internal/cli/commands.go:1080.48,1082.4 1 0
github.com/randalmurphal/orc/internal/cli/commands.go:1088.44,1089.16 1 0
github.com/randalmurphal/orc/internal/cli/commands.go:1090.26,1091.16 1 0
github.com/randalmurphal/orc/internal/cli/commands.go:1092.30,1093.16 1 0
github.com/randalmurphal/orc/internal/cli/commands.go:1094.26,1095.16 1 0
github.com/randalmurphal/orc/internal/cli/commands.go:1096.26,1097.15 1 0
github.com/randalmurphal/orc/internal/cli/commands.go:1098.25,1099.18 1 0
github.com/randalmurphal/orc/internal/cli/commands.go:1100.26,1101.16 1 0
github.com/randalmurphal/orc/internal/cli/commands.go:1102.28,1103.15 1 0
github.com/randalmurphal/orc/internal/cli/commands.go:1104.25,1105.15 1 0
github.com/randalmurphal/orc/internal/cli/commands.go:1106.10,1107.15 1 0
github.com/randalmurphal/orc/internal/cli/commands.go:1111.54,1112.16 1 0
github.com/randalmurphal/orc/internal/cli/commands.go:1113.25,1114.15 1 0
github.com/randalmurphal/orc/internal/cli/commands.go:1115.25,1116.15 1 0
github.com/randalmurphal/orc/internal/cli/commands.go:1117.27,1118.15 1 0
github.com/randalmurphal/orc/internal/cli/commands.go:1119.24,1120.15 1 0
github.com/randalmurphal/orc/internal/cli/commands.go:1121.25,1122.15 1 0
github.com/randalmurphal/orc/internal/cli/commands.go:1123.10,1124.13 1 0
github.com/randalmurphal/orc/internal/cli/commands.go:1128.44,1129.22 1 0
github.com/randalmurphal/orc/internal/cli/commands.go:1129.22,1131.3 1 0
github.com/randalmurphal/orc/internal/cli/commands.go:1132.2,1132.29 1 0
github.com/randalmurphal/orc/internal/cli/root.go:41.22,43.2 1 0
github.com/randalmurphal/orc/internal/cli/root.go:45.13,76.2 26 1
github.com/randalmurphal/orc/internal/cli/root.go:79.19,80.19 1 0
github.com/randalmurphal/orc/internal/cli/root.go:80.19,82.3 1 0
github.com/randalmurphal/orc/internal/cli/root.go:82.8,88.3 4 0
github.com/randalmurphal/orc/internal/cli/root.go:90.2,93.45 3 0
github.com/randalmurphal/orc/internal/cli/root.go:93.45,94.14 1 0
github.com/randalmurphal/orc/internal/cli/root.go:94.14,96.4 1 0
github.com/randalmurphal/orc/internal/cli/serve.go:16.35,30.55 1 1
github.com/randalmurphal/orc/internal/cli/serve.go:30.55,50.14 11 0
github.com/randalmurphal/orc/internal/cli/serve.go:50.14,54.5 3 0
github.com/randalmurphal/orc/internal/cli/serve.go:56.4,56.35 1 0
github.com/randalmurphal/orc/internal/cli/serve.go:60.2,62.12 2 1
github.com/randalmurphal/orc/internal/cli/signals.go:17.65,23.12 4 1
github.com/randalmurphal/orc/internal/cli/signals.go:23.12,32.3 6 1
github.com/randalmurphal/orc/internal/cli/signals.go:34.2,34.20 1 1
github.com/randalmurphal/orc/internal/cli/signals.go:38.73,42.33 2 1
github.com/randalmurphal/orc/internal/cli/signals.go:42.33,44.3 1 0
github.com/randalmurphal/orc/internal/cli/signals.go:47.2,48.33 2 1
github.com/randalmurphal/orc/internal/cli/signals.go:48.33,50.3 1 0
github.com/randalmurphal/orc/internal/cli/signals.go:52.2,53.12 2 1
github.com/randalmurphal/orc/internal/cli/signals.go:66.74,74.2 2 1
github.com/randalmurphal/orc/internal/cli/signals.go:77.54,79.2 1 1
github.com/randalmurphal/orc/internal/cli/signals.go:82.58,84.2 1 1
github.com/randalmurphal/orc/internal/cli/signals.go:87.38,88.45 1 1
github.com/randalmurphal/orc/internal/cli/signals.go:88.45,90.3 1 1
github.com/randalmurphal/orc/internal/cli/signals.go:91.2,91.12 1 1
github.com/randalmurphal/orc/internal/cli/signals.go:95.50,97.2 1 1
github.com/randalmurphal/orc/internal/cli/signals.go:100.66,101.9 1 1
github.com/randalmurphal/orc/internal/cli/signals.go:102.20,103.19 1 1
github.com/randalmurphal/orc/internal/cli/signals.go:104.23,105.13 1 1
